<?xml version="1.0" encoding="UTF-8"?>
<testng-results skipped="0" failed="0" ignored="0" total="1" passed="1">
  <reporter-output>
  </reporter-output>
  <suite name="Default suite" duration-ms="42494" started-at="2017-12-10T10:02:15Z" finished-at="2017-12-10T10:02:57Z">
    <groups>
    </groups>
    <test name="Default test" duration-ms="42494" started-at="2017-12-10T10:02:15Z" finished-at="2017-12-10T10:02:57Z">
      <class name="loginscripts.loginscript1">
        <test-method status="PASS" signature="open()[pri:0, instance:loginscripts.loginscript1@17d0008]" name="open" is-config="true" duration-ms="25307" started-at="2017-12-10T15:32:15Z" finished-at="2017-12-10T15:32:40Z">
          <reporter-output>
          </reporter-output>
        </test-method> <!-- open -->
        <test-method status="PASS" signature="verifylogin()[pri:0, instance:loginscripts.loginscript1@17d0008]" name="verifylogin" duration-ms="17167" started-at="2017-12-10T15:32:40Z" finished-at="2017-12-10T15:32:57Z">
          <reporter-output>
          </reporter-output>
        </test-method> <!-- verifylogin -->
        <test-method status="PASS" signature="close()[pri:0, instance:loginscripts.loginscript1@17d0008]" name="close" is-config="true" duration-ms="0" started-at="2017-12-10T15:32:57Z" finished-at="2017-12-10T15:32:57Z">
          <reporter-output>
          </reporter-output>
        </test-method> <!-- close -->
      </class> <!-- loginscripts.loginscript1 -->
    </test> <!-- Default test -->
  </suite> <!-- Default suite -->
</testng-results>
